<?xml version="1.0" encoding="UTF-8"?>
<!-- Generated by org.testng.reporters.JUnitXMLReporter -->
<testsuite ignored="0" hostname="Linnie" failures="0" tests="3" name="Default test" time="9.147" errors="0" timestamp="2024-12-28T18:29:51 ICT">
  <testcase classname="Automation.Delete_User" name="openBrowser" time="2.429"/>
  <testcase classname="Automation.Delete_User" name="loginAdmin" time="3.136"/>
  <testcase classname="Automation.Delete_User" name="deleteUser" time="3.542"/>
</testsuite> <!-- Default test -->
