<?xml version="1.0" encoding="UTF-8"?>
<testng-results ignored="0" total="3" passed="3" failed="0" skipped="0">
  <reporter-output>
  </reporter-output>
  <suite started-at="2024-12-28T18:29:41 ICT" name="Default suite" finished-at="2024-12-28T18:29:50 ICT" duration-ms="9147">
    <groups>
    </groups>
    <test started-at="2024-12-28T18:29:41 ICT" name="Default test" finished-at="2024-12-28T18:29:50 ICT" duration-ms="9147">
      <class name="Automation.Delete_User">
        <test-method signature="openBrowser()[pri:1, instance:Automation.Delete_User@48e4374]" started-at="2024-12-28T18:29:41 ICT" name="openBrowser" finished-at="2024-12-28T18:29:44 ICT" duration-ms="2429" status="PASS">
          <reporter-output>
          </reporter-output>
        </test-method> <!-- openBrowser -->
        <test-method signature="loginAdmin()[pri:2, instance:Automation.Delete_User@48e4374]" started-at="2024-12-28T18:29:44 ICT" name="loginAdmin" finished-at="2024-12-28T18:29:47 ICT" duration-ms="3136" status="PASS">
          <reporter-output>
          </reporter-output>
        </test-method> <!-- loginAdmin -->
        <test-method signature="deleteUser()[pri:3, instance:Automation.Delete_User@48e4374]" started-at="2024-12-28T18:29:47 ICT" name="deleteUser" finished-at="2024-12-28T18:29:50 ICT" duration-ms="3542" status="PASS">
          <reporter-output>
          </reporter-output>
        </test-method> <!-- deleteUser -->
      </class> <!-- Automation.Delete_User -->
    </test> <!-- Default test -->
  </suite> <!-- Default suite -->
</testng-results>
